CRITICAL - 2023-03-27 15:21:38 --> Undefined property: stdClass::$RestarauntAddress
in APPPATH/Views/directory/index.php on line 117.
 1 APPPATH/Views/directory/index.php(117): CodeIgniter\Debug\Exceptions->errorHandler()
 2 SYSTEMPATH/View/View.php(213): include('APPPATH/Views/directory/index.php')
 3 SYSTEMPATH/View/View.php(216): CodeIgniter\View\View->CodeIgniter\View\{closure}()
 4 SYSTEMPATH/Common.php(1135): CodeIgniter\View\View->render()
 5 APPPATH/Controllers/Directory.php(15): view()
 6 SYSTEMPATH/CodeIgniter.php(925): App\Controllers\Directory->index()
 7 SYSTEMPATH/CodeIgniter.php(480): CodeIgniter\CodeIgniter->runController()
 8 SYSTEMPATH/CodeIgniter.php(349): CodeIgniter\CodeIgniter->handleRequest()
 9 FCPATH/index.php(67): CodeIgniter\CodeIgniter->run()
CRITICAL - 2023-03-27 15:23:13 --> Undefined property: stdClass::$RestarauntAddress
in APPPATH/Views/directory/index.php on line 104.
 1 APPPATH/Views/directory/index.php(104): CodeIgniter\Debug\Exceptions->errorHandler()
 2 SYSTEMPATH/View/View.php(213): include('APPPATH/Views/directory/index.php')
 3 SYSTEMPATH/View/View.php(216): CodeIgniter\View\View->CodeIgniter\View\{closure}()
 4 SYSTEMPATH/Common.php(1135): CodeIgniter\View\View->render()
 5 APPPATH/Controllers/Directory.php(15): view()
 6 SYSTEMPATH/CodeIgniter.php(925): App\Controllers\Directory->index()
 7 SYSTEMPATH/CodeIgniter.php(480): CodeIgniter\CodeIgniter->runController()
 8 SYSTEMPATH/CodeIgniter.php(349): CodeIgniter\CodeIgniter->handleRequest()
 9 FCPATH/index.php(67): CodeIgniter\CodeIgniter->run()
CRITICAL - 2023-03-27 15:23:20 --> Undefined property: stdClass::$RestarauntAddress
in APPPATH/Views/directory/index.php on line 104.
 1 APPPATH/Views/directory/index.php(104): CodeIgniter\Debug\Exceptions->errorHandler()
 2 SYSTEMPATH/View/View.php(213): include('APPPATH/Views/directory/index.php')
 3 SYSTEMPATH/View/View.php(216): CodeIgniter\View\View->CodeIgniter\View\{closure}()
 4 SYSTEMPATH/Common.php(1135): CodeIgniter\View\View->render()
 5 APPPATH/Controllers/Directory.php(15): view()
 6 SYSTEMPATH/CodeIgniter.php(925): App\Controllers\Directory->index()
 7 SYSTEMPATH/CodeIgniter.php(480): CodeIgniter\CodeIgniter->runController()
 8 SYSTEMPATH/CodeIgniter.php(349): CodeIgniter\CodeIgniter->handleRequest()
 9 FCPATH/index.php(67): CodeIgniter\CodeIgniter->run()
CRITICAL - 2023-03-27 16:24:24 --> Undefined property: stdClass::$RestarauntAddress
in APPPATH/Views/directory/viewrestaurant.php on line 80.
 1 APPPATH/Views/directory/viewrestaurant.php(80): CodeIgniter\Debug\Exceptions->errorHandler()
 2 SYSTEMPATH/View/View.php(213): include('APPPATH/Views/directory/viewrestaurant.php')
 3 SYSTEMPATH/View/View.php(216): CodeIgniter\View\View->CodeIgniter\View\{closure}()
 4 SYSTEMPATH/Common.php(1135): CodeIgniter\View\View->render()
 5 APPPATH/Controllers/Directory.php(21): view()
 6 SYSTEMPATH/CodeIgniter.php(925): App\Controllers\Directory->viewrestaurant()
 7 SYSTEMPATH/CodeIgniter.php(480): CodeIgniter\CodeIgniter->runController()
 8 SYSTEMPATH/CodeIgniter.php(349): CodeIgniter\CodeIgniter->handleRequest()
 9 FCPATH/index.php(67): CodeIgniter\CodeIgniter->run()
ERROR - 2023-03-27 16:29:53 --> mysqli_sql_exception: Unknown column 'RestarauntAddress' in 'where clause' in /home/checkthe/public_html/system/Database/MySQLi/Connection.php:292
Stack trace:
#0 /home/checkthe/public_html/system/Database/MySQLi/Connection.php(292): mysqli->query()
#1 /home/checkthe/public_html/system/Database/BaseConnection.php(666): CodeIgniter\Database\MySQLi\Connection->execute()
#2 /home/checkthe/public_html/system/Database/BaseConnection.php(593): CodeIgniter\Database\BaseConnection->simpleQuery()
#3 /home/checkthe/public_html/system/Database/BaseBuilder.php(1585): CodeIgniter\Database\BaseConnection->query()
#4 /home/checkthe/public_html/app/Views/directory/index.php(25): CodeIgniter\Database\BaseBuilder->get()
#5 /home/checkthe/public_html/system/View/View.php(213): include('/home/checkthe/...')
#6 /home/checkthe/public_html/system/View/View.php(216): CodeIgniter\View\View->CodeIgniter\View\{closure}()
#7 /home/checkthe/public_html/system/Common.php(1135): CodeIgniter\View\View->render()
#8 /home/checkthe/public_html/app/Controllers/Directory.php(15): view()
#9 /home/checkthe/public_html/system/CodeIgniter.php(925): App\Controllers\Directory->index()
#10 /home/checkthe/public_html/system/CodeIgniter.php(480): CodeIgniter\CodeIgniter->runController()
#11 /home/checkthe/public_html/system/CodeIgniter.php(349): CodeIgniter\CodeIgniter->handleRequest()
#12 /home/checkthe/public_html/index.php(67): CodeIgniter\CodeIgniter->run()
#13 {main}
CRITICAL - 2023-03-27 16:29:53 --> Unknown column 'RestarauntAddress' in 'where clause'
in SYSTEMPATH/Database/MySQLi/Connection.php on line 292.
 1 SYSTEMPATH/Database/MySQLi/Connection.php(292): mysqli->query()
 2 SYSTEMPATH/Database/BaseConnection.php(666): CodeIgniter\Database\MySQLi\Connection->execute()
 3 SYSTEMPATH/Database/BaseConnection.php(593): CodeIgniter\Database\BaseConnection->simpleQuery()
 4 SYSTEMPATH/Database/BaseBuilder.php(1585): CodeIgniter\Database\BaseConnection->query()
 5 APPPATH/Views/directory/index.php(25): CodeIgniter\Database\BaseBuilder->get()
 6 SYSTEMPATH/View/View.php(213): include('APPPATH/Views/directory/index.php')
 7 SYSTEMPATH/View/View.php(216): CodeIgniter\View\View->CodeIgniter\View\{closure}()
 8 SYSTEMPATH/Common.php(1135): CodeIgniter\View\View->render()
 9 APPPATH/Controllers/Directory.php(15): view()
10 SYSTEMPATH/CodeIgniter.php(925): App\Controllers\Directory->index()
11 SYSTEMPATH/CodeIgniter.php(480): CodeIgniter\CodeIgniter->runController()
12 SYSTEMPATH/CodeIgniter.php(349): CodeIgniter\CodeIgniter->handleRequest()
13 FCPATH/index.php(67): CodeIgniter\CodeIgniter->run()
ERROR - 2023-03-27 16:30:43 --> mysqli_sql_exception: Unknown column 'RestarauntAddress' in 'where clause' in /home/checkthe/public_html/system/Database/MySQLi/Connection.php:292
Stack trace:
#0 /home/checkthe/public_html/system/Database/MySQLi/Connection.php(292): mysqli->query()
#1 /home/checkthe/public_html/system/Database/BaseConnection.php(666): CodeIgniter\Database\MySQLi\Connection->execute()
#2 /home/checkthe/public_html/system/Database/BaseConnection.php(593): CodeIgniter\Database\BaseConnection->simpleQuery()
#3 /home/checkthe/public_html/system/Database/BaseBuilder.php(1585): CodeIgniter\Database\BaseConnection->query()
#4 /home/checkthe/public_html/app/Views/directory/index.php(25): CodeIgniter\Database\BaseBuilder->get()
#5 /home/checkthe/public_html/system/View/View.php(213): include('/home/checkthe/...')
#6 /home/checkthe/public_html/system/View/View.php(216): CodeIgniter\View\View->CodeIgniter\View\{closure}()
#7 /home/checkthe/public_html/system/Common.php(1135): CodeIgniter\View\View->render()
#8 /home/checkthe/public_html/app/Controllers/Directory.php(15): view()
#9 /home/checkthe/public_html/system/CodeIgniter.php(925): App\Controllers\Directory->index()
#10 /home/checkthe/public_html/system/CodeIgniter.php(480): CodeIgniter\CodeIgniter->runController()
#11 /home/checkthe/public_html/system/CodeIgniter.php(349): CodeIgniter\CodeIgniter->handleRequest()
#12 /home/checkthe/public_html/index.php(67): CodeIgniter\CodeIgniter->run()
#13 {main}
CRITICAL - 2023-03-27 16:30:43 --> Unknown column 'RestarauntAddress' in 'where clause'
in SYSTEMPATH/Database/MySQLi/Connection.php on line 292.
 1 SYSTEMPATH/Database/MySQLi/Connection.php(292): mysqli->query()
 2 SYSTEMPATH/Database/BaseConnection.php(666): CodeIgniter\Database\MySQLi\Connection->execute()
 3 SYSTEMPATH/Database/BaseConnection.php(593): CodeIgniter\Database\BaseConnection->simpleQuery()
 4 SYSTEMPATH/Database/BaseBuilder.php(1585): CodeIgniter\Database\BaseConnection->query()
 5 APPPATH/Views/directory/index.php(25): CodeIgniter\Database\BaseBuilder->get()
 6 SYSTEMPATH/View/View.php(213): include('APPPATH/Views/directory/index.php')
 7 SYSTEMPATH/View/View.php(216): CodeIgniter\View\View->CodeIgniter\View\{closure}()
 8 SYSTEMPATH/Common.php(1135): CodeIgniter\View\View->render()
 9 APPPATH/Controllers/Directory.php(15): view()
10 SYSTEMPATH/CodeIgniter.php(925): App\Controllers\Directory->index()
11 SYSTEMPATH/CodeIgniter.php(480): CodeIgniter\CodeIgniter->runController()
12 SYSTEMPATH/CodeIgniter.php(349): CodeIgniter\CodeIgniter->handleRequest()
13 FCPATH/index.php(67): CodeIgniter\CodeIgniter->run()
ERROR - 2023-03-27 16:32:58 --> mysqli_sql_exception: Unknown column 'RestarauntAddress' in 'where clause' in /home/checkthe/public_html/system/Database/MySQLi/Connection.php:292
Stack trace:
#0 /home/checkthe/public_html/system/Database/MySQLi/Connection.php(292): mysqli->query()
#1 /home/checkthe/public_html/system/Database/BaseConnection.php(666): CodeIgniter\Database\MySQLi\Connection->execute()
#2 /home/checkthe/public_html/system/Database/BaseConnection.php(593): CodeIgniter\Database\BaseConnection->simpleQuery()
#3 /home/checkthe/public_html/system/Database/BaseBuilder.php(1585): CodeIgniter\Database\BaseConnection->query()
#4 /home/checkthe/public_html/app/Views/directory/index.php(25): CodeIgniter\Database\BaseBuilder->get()
#5 /home/checkthe/public_html/system/View/View.php(213): include('/home/checkthe/...')
#6 /home/checkthe/public_html/system/View/View.php(216): CodeIgniter\View\View->CodeIgniter\View\{closure}()
#7 /home/checkthe/public_html/system/Common.php(1135): CodeIgniter\View\View->render()
#8 /home/checkthe/public_html/app/Controllers/Directory.php(15): view()
#9 /home/checkthe/public_html/system/CodeIgniter.php(925): App\Controllers\Directory->index()
#10 /home/checkthe/public_html/system/CodeIgniter.php(480): CodeIgniter\CodeIgniter->runController()
#11 /home/checkthe/public_html/system/CodeIgniter.php(349): CodeIgniter\CodeIgniter->handleRequest()
#12 /home/checkthe/public_html/index.php(67): CodeIgniter\CodeIgniter->run()
#13 {main}
CRITICAL - 2023-03-27 16:32:58 --> Unknown column 'RestarauntAddress' in 'where clause'
in SYSTEMPATH/Database/MySQLi/Connection.php on line 292.
 1 SYSTEMPATH/Database/MySQLi/Connection.php(292): mysqli->query()
 2 SYSTEMPATH/Database/BaseConnection.php(666): CodeIgniter\Database\MySQLi\Connection->execute()
 3 SYSTEMPATH/Database/BaseConnection.php(593): CodeIgniter\Database\BaseConnection->simpleQuery()
 4 SYSTEMPATH/Database/BaseBuilder.php(1585): CodeIgniter\Database\BaseConnection->query()
 5 APPPATH/Views/directory/index.php(25): CodeIgniter\Database\BaseBuilder->get()
 6 SYSTEMPATH/View/View.php(213): include('APPPATH/Views/directory/index.php')
 7 SYSTEMPATH/View/View.php(216): CodeIgniter\View\View->CodeIgniter\View\{closure}()
 8 SYSTEMPATH/Common.php(1135): CodeIgniter\View\View->render()
 9 APPPATH/Controllers/Directory.php(15): view()
10 SYSTEMPATH/CodeIgniter.php(925): App\Controllers\Directory->index()
11 SYSTEMPATH/CodeIgniter.php(480): CodeIgniter\CodeIgniter->runController()
12 SYSTEMPATH/CodeIgniter.php(349): CodeIgniter\CodeIgniter->handleRequest()
13 FCPATH/index.php(67): CodeIgniter\CodeIgniter->run()
CRITICAL - 2023-03-27 16:36:44 --> Attempt to read property "RestarauntName" on null
in APPPATH/Views/directory/viewrestaurant.php on line 50.
 1 APPPATH/Views/directory/viewrestaurant.php(50): CodeIgniter\Debug\Exceptions->errorHandler()
 2 SYSTEMPATH/View/View.php(213): include('APPPATH/Views/directory/viewrestaurant.php')
 3 SYSTEMPATH/View/View.php(216): CodeIgniter\View\View->CodeIgniter\View\{closure}()
 4 SYSTEMPATH/Common.php(1135): CodeIgniter\View\View->render()
 5 APPPATH/Controllers/Directory.php(21): view()
 6 SYSTEMPATH/CodeIgniter.php(925): App\Controllers\Directory->viewrestaurant()
 7 SYSTEMPATH/CodeIgniter.php(480): CodeIgniter\CodeIgniter->runController()
 8 SYSTEMPATH/CodeIgniter.php(349): CodeIgniter\CodeIgniter->handleRequest()
 9 FCPATH/index.php(67): CodeIgniter\CodeIgniter->run()
CRITICAL - 2023-03-27 17:38:48 --> Undefined variable $businesstown
in APPPATH/Views/directory/index.php on line 21.
 1 APPPATH/Views/directory/index.php(21): CodeIgniter\Debug\Exceptions->errorHandler()
 2 SYSTEMPATH/View/View.php(213): include('APPPATH/Views/directory/index.php')
 3 SYSTEMPATH/View/View.php(216): CodeIgniter\View\View->CodeIgniter\View\{closure}()
 4 SYSTEMPATH/Common.php(1135): CodeIgniter\View\View->render()
 5 APPPATH/Controllers/Directory.php(15): view()
 6 SYSTEMPATH/CodeIgniter.php(925): App\Controllers\Directory->index()
 7 SYSTEMPATH/CodeIgniter.php(480): CodeIgniter\CodeIgniter->runController()
 8 SYSTEMPATH/CodeIgniter.php(349): CodeIgniter\CodeIgniter->handleRequest()
 9 FCPATH/index.php(67): CodeIgniter\CodeIgniter->run()
CRITICAL - 2023-03-27 17:39:47 --> Undefined variable $RestarauntTown
in APPPATH/Views/directory/index.php on line 21.
 1 APPPATH/Views/directory/index.php(21): CodeIgniter\Debug\Exceptions->errorHandler()
 2 SYSTEMPATH/View/View.php(213): include('APPPATH/Views/directory/index.php')
 3 SYSTEMPATH/View/View.php(216): CodeIgniter\View\View->CodeIgniter\View\{closure}()
 4 SYSTEMPATH/Common.php(1135): CodeIgniter\View\View->render()
 5 APPPATH/Controllers/Directory.php(15): view()
 6 SYSTEMPATH/CodeIgniter.php(925): App\Controllers\Directory->index()
 7 SYSTEMPATH/CodeIgniter.php(480): CodeIgniter\CodeIgniter->runController()
 8 SYSTEMPATH/CodeIgniter.php(349): CodeIgniter\CodeIgniter->handleRequest()
 9 FCPATH/index.php(67): CodeIgniter\CodeIgniter->run()
CRITICAL - 2023-03-27 17:40:26 --> Undefined variable $RestarauntTown
in APPPATH/Views/directory/index.php on line 21.
 1 APPPATH/Views/directory/index.php(21): CodeIgniter\Debug\Exceptions->errorHandler()
 2 SYSTEMPATH/View/View.php(213): include('APPPATH/Views/directory/index.php')
 3 SYSTEMPATH/View/View.php(216): CodeIgniter\View\View->CodeIgniter\View\{closure}()
 4 SYSTEMPATH/Common.php(1135): CodeIgniter\View\View->render()
 5 APPPATH/Controllers/Directory.php(15): view()
 6 SYSTEMPATH/CodeIgniter.php(925): App\Controllers\Directory->index()
 7 SYSTEMPATH/CodeIgniter.php(480): CodeIgniter\CodeIgniter->runController()
 8 SYSTEMPATH/CodeIgniter.php(349): CodeIgniter\CodeIgniter->handleRequest()
 9 FCPATH/index.php(67): CodeIgniter\CodeIgniter->run()
CRITICAL - 2023-03-27 17:40:28 --> Undefined variable $RestarauntTown
in APPPATH/Views/directory/index.php on line 21.
 1 APPPATH/Views/directory/index.php(21): CodeIgniter\Debug\Exceptions->errorHandler()
 2 SYSTEMPATH/View/View.php(213): include('APPPATH/Views/directory/index.php')
 3 SYSTEMPATH/View/View.php(216): CodeIgniter\View\View->CodeIgniter\View\{closure}()
 4 SYSTEMPATH/Common.php(1135): CodeIgniter\View\View->render()
 5 APPPATH/Controllers/Directory.php(15): view()
 6 SYSTEMPATH/CodeIgniter.php(925): App\Controllers\Directory->index()
 7 SYSTEMPATH/CodeIgniter.php(480): CodeIgniter\CodeIgniter->runController()
 8 SYSTEMPATH/CodeIgniter.php(349): CodeIgniter\CodeIgniter->handleRequest()
 9 FCPATH/index.php(67): CodeIgniter\CodeIgniter->run()
CRITICAL - 2023-03-27 17:40:31 --> Undefined variable $Town
in APPPATH/Views/directory/index.php on line 21.
 1 APPPATH/Views/directory/index.php(21): CodeIgniter\Debug\Exceptions->errorHandler()
 2 SYSTEMPATH/View/View.php(213): include('APPPATH/Views/directory/index.php')
 3 SYSTEMPATH/View/View.php(216): CodeIgniter\View\View->CodeIgniter\View\{closure}()
 4 SYSTEMPATH/Common.php(1135): CodeIgniter\View\View->render()
 5 APPPATH/Controllers/Directory.php(15): view()
 6 SYSTEMPATH/CodeIgniter.php(925): App\Controllers\Directory->index()
 7 SYSTEMPATH/CodeIgniter.php(480): CodeIgniter\CodeIgniter->runController()
 8 SYSTEMPATH/CodeIgniter.php(349): CodeIgniter\CodeIgniter->handleRequest()
 9 FCPATH/index.php(67): CodeIgniter\CodeIgniter->run()
CRITICAL - 2023-03-27 17:41:06 --> CodeIgniter\Database\BaseBuilder::like(): Argument #2 ($match) must be of type string, null given, called in /home/checkthe/public_html/app/Views/directory/index.php on line 21
in SYSTEMPATH/Database/BaseBuilder.php on line 954.
 1 APPPATH/Views/directory/index.php(21): CodeIgniter\Database\BaseBuilder->like()
 2 SYSTEMPATH/View/View.php(213): include('APPPATH/Views/directory/index.php')
 3 SYSTEMPATH/View/View.php(216): CodeIgniter\View\View->CodeIgniter\View\{closure}()
 4 SYSTEMPATH/Common.php(1135): CodeIgniter\View\View->render()
 5 APPPATH/Controllers/Directory.php(15): view()
 6 SYSTEMPATH/CodeIgniter.php(925): App\Controllers\Directory->index()
 7 SYSTEMPATH/CodeIgniter.php(480): CodeIgniter\CodeIgniter->runController()
 8 SYSTEMPATH/CodeIgniter.php(349): CodeIgniter\CodeIgniter->handleRequest()
 9 FCPATH/index.php(67): CodeIgniter\CodeIgniter->run()
CRITICAL - 2023-03-27 17:41:24 --> CodeIgniter\Database\BaseBuilder::orLike(): Argument #2 ($match) must be of type string, null given, called in /home/checkthe/public_html/app/Views/directory/index.php on line 21
in SYSTEMPATH/Database/BaseBuilder.php on line 980.
 1 APPPATH/Views/directory/index.php(21): CodeIgniter\Database\BaseBuilder->orLike()
 2 SYSTEMPATH/View/View.php(213): include('APPPATH/Views/directory/index.php')
 3 SYSTEMPATH/View/View.php(216): CodeIgniter\View\View->CodeIgniter\View\{closure}()
 4 SYSTEMPATH/Common.php(1135): CodeIgniter\View\View->render()
 5 APPPATH/Controllers/Directory.php(15): view()
 6 SYSTEMPATH/CodeIgniter.php(925): App\Controllers\Directory->index()
 7 SYSTEMPATH/CodeIgniter.php(480): CodeIgniter\CodeIgniter->runController()
 8 SYSTEMPATH/CodeIgniter.php(349): CodeIgniter\CodeIgniter->handleRequest()
 9 FCPATH/index.php(67): CodeIgniter\CodeIgniter->run()
CRITICAL - 2023-03-27 17:43:23 --> Undefined variable $address
in APPPATH/Views/directory/index.php on line 60.
 1 APPPATH/Views/directory/index.php(60): CodeIgniter\Debug\Exceptions->errorHandler()
 2 SYSTEMPATH/View/View.php(213): include('APPPATH/Views/directory/index.php')
 3 SYSTEMPATH/View/View.php(216): CodeIgniter\View\View->CodeIgniter\View\{closure}()
 4 SYSTEMPATH/Common.php(1135): CodeIgniter\View\View->render()
 5 APPPATH/Controllers/Directory.php(15): view()
 6 SYSTEMPATH/CodeIgniter.php(925): App\Controllers\Directory->index()
 7 SYSTEMPATH/CodeIgniter.php(480): CodeIgniter\CodeIgniter->runController()
 8 SYSTEMPATH/CodeIgniter.php(349): CodeIgniter\CodeIgniter->handleRequest()
 9 FCPATH/index.php(67): CodeIgniter\CodeIgniter->run()
CRITICAL - 2023-03-27 17:43:48 --> CodeIgniter\Database\BaseBuilder::orLike(): Argument #2 ($match) must be of type string, null given, called in /home/checkthe/public_html/app/Views/directory/index.php on line 21
in SYSTEMPATH/Database/BaseBuilder.php on line 980.
 1 APPPATH/Views/directory/index.php(21): CodeIgniter\Database\BaseBuilder->orLike()
 2 SYSTEMPATH/View/View.php(213): include('APPPATH/Views/directory/index.php')
 3 SYSTEMPATH/View/View.php(216): CodeIgniter\View\View->CodeIgniter\View\{closure}()
 4 SYSTEMPATH/Common.php(1135): CodeIgniter\View\View->render()
 5 APPPATH/Controllers/Directory.php(15): view()
 6 SYSTEMPATH/CodeIgniter.php(925): App\Controllers\Directory->index()
 7 SYSTEMPATH/CodeIgniter.php(480): CodeIgniter\CodeIgniter->runController()
 8 SYSTEMPATH/CodeIgniter.php(349): CodeIgniter\CodeIgniter->handleRequest()
 9 FCPATH/index.php(67): CodeIgniter\CodeIgniter->run()
CRITICAL - 2023-03-27 17:44:19 --> CodeIgniter\Database\BaseBuilder::orLike(): Argument #2 ($match) must be of type string, null given, called in /home/checkthe/public_html/app/Views/directory/index.php on line 21
in SYSTEMPATH/Database/BaseBuilder.php on line 980.
 1 APPPATH/Views/directory/index.php(21): CodeIgniter\Database\BaseBuilder->orLike()
 2 SYSTEMPATH/View/View.php(213): include('APPPATH/Views/directory/index.php')
 3 SYSTEMPATH/View/View.php(216): CodeIgniter\View\View->CodeIgniter\View\{closure}()
 4 SYSTEMPATH/Common.php(1135): CodeIgniter\View\View->render()
 5 APPPATH/Controllers/Directory.php(15): view()
 6 SYSTEMPATH/CodeIgniter.php(925): App\Controllers\Directory->index()
 7 SYSTEMPATH/CodeIgniter.php(480): CodeIgniter\CodeIgniter->runController()
 8 SYSTEMPATH/CodeIgniter.php(349): CodeIgniter\CodeIgniter->handleRequest()
 9 FCPATH/index.php(67): CodeIgniter\CodeIgniter->run()
CRITICAL - 2023-03-27 17:44:24 --> CodeIgniter\Database\BaseBuilder::orLike(): Argument #2 ($match) must be of type string, null given, called in /home/checkthe/public_html/app/Views/directory/index.php on line 21
in SYSTEMPATH/Database/BaseBuilder.php on line 980.
 1 APPPATH/Views/directory/index.php(21): CodeIgniter\Database\BaseBuilder->orLike()
 2 SYSTEMPATH/View/View.php(213): include('APPPATH/Views/directory/index.php')
 3 SYSTEMPATH/View/View.php(216): CodeIgniter\View\View->CodeIgniter\View\{closure}()
 4 SYSTEMPATH/Common.php(1135): CodeIgniter\View\View->render()
 5 APPPATH/Controllers/Directory.php(15): view()
 6 SYSTEMPATH/CodeIgniter.php(925): App\Controllers\Directory->index()
 7 SYSTEMPATH/CodeIgniter.php(480): CodeIgniter\CodeIgniter->runController()
 8 SYSTEMPATH/CodeIgniter.php(349): CodeIgniter\CodeIgniter->handleRequest()
 9 FCPATH/index.php(67): CodeIgniter\CodeIgniter->run()
CRITICAL - 2023-03-27 17:45:23 --> CodeIgniter\Database\BaseBuilder::orLike(): Argument #2 ($match) must be of type string, null given, called in /home/checkthe/public_html/app/Views/directory/index.php on line 21
in SYSTEMPATH/Database/BaseBuilder.php on line 980.
 1 APPPATH/Views/directory/index.php(21): CodeIgniter\Database\BaseBuilder->orLike()
 2 SYSTEMPATH/View/View.php(213): include('APPPATH/Views/directory/index.php')
 3 SYSTEMPATH/View/View.php(216): CodeIgniter\View\View->CodeIgniter\View\{closure}()
 4 SYSTEMPATH/Common.php(1135): CodeIgniter\View\View->render()
 5 APPPATH/Controllers/Directory.php(15): view()
 6 SYSTEMPATH/CodeIgniter.php(925): App\Controllers\Directory->index()
 7 SYSTEMPATH/CodeIgniter.php(480): CodeIgniter\CodeIgniter->runController()
 8 SYSTEMPATH/CodeIgniter.php(349): CodeIgniter\CodeIgniter->handleRequest()
 9 FCPATH/index.php(67): CodeIgniter\CodeIgniter->run()
CRITICAL - 2023-03-27 17:45:38 --> CodeIgniter\Database\BaseBuilder::orLike(): Argument #2 ($match) must be of type string, null given, called in /home/checkthe/public_html/app/Views/directory/index.php on line 21
in SYSTEMPATH/Database/BaseBuilder.php on line 980.
 1 APPPATH/Views/directory/index.php(21): CodeIgniter\Database\BaseBuilder->orLike()
 2 SYSTEMPATH/View/View.php(213): include('APPPATH/Views/directory/index.php')
 3 SYSTEMPATH/View/View.php(216): CodeIgniter\View\View->CodeIgniter\View\{closure}()
 4 SYSTEMPATH/Common.php(1135): CodeIgniter\View\View->render()
 5 APPPATH/Controllers/Directory.php(15): view()
 6 SYSTEMPATH/CodeIgniter.php(925): App\Controllers\Directory->index()
 7 SYSTEMPATH/CodeIgniter.php(480): CodeIgniter\CodeIgniter->runController()
 8 SYSTEMPATH/CodeIgniter.php(349): CodeIgniter\CodeIgniter->handleRequest()
 9 FCPATH/index.php(67): CodeIgniter\CodeIgniter->run()
CRITICAL - 2023-03-27 17:45:43 --> CodeIgniter\Database\BaseBuilder::orLike(): Argument #2 ($match) must be of type string, null given, called in /home/checkthe/public_html/app/Views/directory/index.php on line 21
in SYSTEMPATH/Database/BaseBuilder.php on line 980.
 1 APPPATH/Views/directory/index.php(21): CodeIgniter\Database\BaseBuilder->orLike()
 2 SYSTEMPATH/View/View.php(213): include('APPPATH/Views/directory/index.php')
 3 SYSTEMPATH/View/View.php(216): CodeIgniter\View\View->CodeIgniter\View\{closure}()
 4 SYSTEMPATH/Common.php(1135): CodeIgniter\View\View->render()
 5 APPPATH/Controllers/Directory.php(15): view()
 6 SYSTEMPATH/CodeIgniter.php(925): App\Controllers\Directory->index()
 7 SYSTEMPATH/CodeIgniter.php(480): CodeIgniter\CodeIgniter->runController()
 8 SYSTEMPATH/CodeIgniter.php(349): CodeIgniter\CodeIgniter->handleRequest()
 9 FCPATH/index.php(67): CodeIgniter\CodeIgniter->run()
CRITICAL - 2023-03-27 17:51:16 --> CodeIgniter\Database\BaseBuilder::orLike(): Argument #2 ($match) must be of type string, null given, called in /home/checkthe/public_html/app/Views/directory/index.php on line 21
in SYSTEMPATH/Database/BaseBuilder.php on line 980.
 1 APPPATH/Views/directory/index.php(21): CodeIgniter\Database\BaseBuilder->orLike()
 2 SYSTEMPATH/View/View.php(213): include('APPPATH/Views/directory/index.php')
 3 SYSTEMPATH/View/View.php(216): CodeIgniter\View\View->CodeIgniter\View\{closure}()
 4 SYSTEMPATH/Common.php(1135): CodeIgniter\View\View->render()
 5 APPPATH/Controllers/Directory.php(15): view()
 6 SYSTEMPATH/CodeIgniter.php(925): App\Controllers\Directory->index()
 7 SYSTEMPATH/CodeIgniter.php(480): CodeIgniter\CodeIgniter->runController()
 8 SYSTEMPATH/CodeIgniter.php(349): CodeIgniter\CodeIgniter->handleRequest()
 9 FCPATH/index.php(67): CodeIgniter\CodeIgniter->run()
