CRITICAL - 2023-01-07 00:31:14 --> Undefined variable $gluten
in APPPATH/Views/directory/viewrestaurant.php on line 20.
 1 APPPATH/Views/directory/viewrestaurant.php(20): CodeIgniter\Debug\Exceptions->errorHandler()
 2 SYSTEMPATH/View/View.php(213): include('APPPATH/Views/directory/viewrestaurant.php')
 3 SYSTEMPATH/View/View.php(216): CodeIgniter\View\View->CodeIgniter\View\{closure}()
 4 SYSTEMPATH/Common.php(1135): CodeIgniter\View\View->render()
 5 APPPATH/Controllers/Directory.php(20): view()
 6 SYSTEMPATH/CodeIgniter.php(925): App\Controllers\Directory->viewrestaurant()
 7 SYSTEMPATH/CodeIgniter.php(480): CodeIgniter\CodeIgniter->runController()
 8 SYSTEMPATH/CodeIgniter.php(349): CodeIgniter\CodeIgniter->handleRequest()
 9 FCPATH/index.php(67): CodeIgniter\CodeIgniter->run()
CRITICAL - 2023-01-07 00:31:37 --> Undefined variable $businessname
in APPPATH/Views/directory/viewrestaurant.php on line 19.
 1 APPPATH/Views/directory/viewrestaurant.php(19): CodeIgniter\Debug\Exceptions->errorHandler()
 2 SYSTEMPATH/View/View.php(213): include('APPPATH/Views/directory/viewrestaurant.php')
 3 SYSTEMPATH/View/View.php(216): CodeIgniter\View\View->CodeIgniter\View\{closure}()
 4 SYSTEMPATH/Common.php(1135): CodeIgniter\View\View->render()
 5 APPPATH/Controllers/Directory.php(20): view()
 6 SYSTEMPATH/CodeIgniter.php(925): App\Controllers\Directory->viewrestaurant()
 7 SYSTEMPATH/CodeIgniter.php(480): CodeIgniter\CodeIgniter->runController()
 8 SYSTEMPATH/CodeIgniter.php(349): CodeIgniter\CodeIgniter->handleRequest()
 9 FCPATH/index.php(67): CodeIgniter\CodeIgniter->run()
CRITICAL - 2023-01-07 00:34:13 --> Undefined array key "RestarauntName"
in APPPATH/Views/directory/viewrestaurant.php on line 47.
 1 APPPATH/Views/directory/viewrestaurant.php(47): CodeIgniter\Debug\Exceptions->errorHandler()
 2 SYSTEMPATH/View/View.php(213): include('APPPATH/Views/directory/viewrestaurant.php')
 3 SYSTEMPATH/View/View.php(216): CodeIgniter\View\View->CodeIgniter\View\{closure}()
 4 SYSTEMPATH/Common.php(1135): CodeIgniter\View\View->render()
 5 APPPATH/Controllers/Directory.php(20): view()
 6 SYSTEMPATH/CodeIgniter.php(925): App\Controllers\Directory->viewrestaurant()
 7 SYSTEMPATH/CodeIgniter.php(480): CodeIgniter\CodeIgniter->runController()
 8 SYSTEMPATH/CodeIgniter.php(349): CodeIgniter\CodeIgniter->handleRequest()
 9 FCPATH/index.php(67): CodeIgniter\CodeIgniter->run()
CRITICAL - 2023-01-07 00:34:17 --> Undefined array key "RestarauntName"
in APPPATH/Views/directory/viewrestaurant.php on line 47.
 1 APPPATH/Views/directory/viewrestaurant.php(47): CodeIgniter\Debug\Exceptions->errorHandler()
 2 SYSTEMPATH/View/View.php(213): include('APPPATH/Views/directory/viewrestaurant.php')
 3 SYSTEMPATH/View/View.php(216): CodeIgniter\View\View->CodeIgniter\View\{closure}()
 4 SYSTEMPATH/Common.php(1135): CodeIgniter\View\View->render()
 5 APPPATH/Controllers/Directory.php(20): view()
 6 SYSTEMPATH/CodeIgniter.php(925): App\Controllers\Directory->viewrestaurant()
 7 SYSTEMPATH/CodeIgniter.php(480): CodeIgniter\CodeIgniter->runController()
 8 SYSTEMPATH/CodeIgniter.php(349): CodeIgniter\CodeIgniter->handleRequest()
 9 FCPATH/index.php(67): CodeIgniter\CodeIgniter->run()
CRITICAL - 2023-01-07 00:34:38 --> Undefined array key "RestarauntName"
in APPPATH/Views/directory/viewrestaurant.php on line 47.
 1 APPPATH/Views/directory/viewrestaurant.php(47): CodeIgniter\Debug\Exceptions->errorHandler()
 2 SYSTEMPATH/View/View.php(213): include('APPPATH/Views/directory/viewrestaurant.php')
 3 SYSTEMPATH/View/View.php(216): CodeIgniter\View\View->CodeIgniter\View\{closure}()
 4 SYSTEMPATH/Common.php(1135): CodeIgniter\View\View->render()
 5 APPPATH/Controllers/Directory.php(20): view()
 6 SYSTEMPATH/CodeIgniter.php(925): App\Controllers\Directory->viewrestaurant()
 7 SYSTEMPATH/CodeIgniter.php(480): CodeIgniter\CodeIgniter->runController()
 8 SYSTEMPATH/CodeIgniter.php(349): CodeIgniter\CodeIgniter->handleRequest()
 9 FCPATH/index.php(67): CodeIgniter\CodeIgniter->run()
CRITICAL - 2023-01-07 00:34:39 --> Undefined array key "RestarauntName"
in APPPATH/Views/directory/viewrestaurant.php on line 47.
 1 APPPATH/Views/directory/viewrestaurant.php(47): CodeIgniter\Debug\Exceptions->errorHandler()
 2 SYSTEMPATH/View/View.php(213): include('APPPATH/Views/directory/viewrestaurant.php')
 3 SYSTEMPATH/View/View.php(216): CodeIgniter\View\View->CodeIgniter\View\{closure}()
 4 SYSTEMPATH/Common.php(1135): CodeIgniter\View\View->render()
 5 APPPATH/Controllers/Directory.php(20): view()
 6 SYSTEMPATH/CodeIgniter.php(925): App\Controllers\Directory->viewrestaurant()
 7 SYSTEMPATH/CodeIgniter.php(480): CodeIgniter\CodeIgniter->runController()
 8 SYSTEMPATH/CodeIgniter.php(349): CodeIgniter\CodeIgniter->handleRequest()
 9 FCPATH/index.php(67): CodeIgniter\CodeIgniter->run()
CRITICAL - 2023-01-07 00:35:09 --> Attempt to read property "RestarauntName" on array
in APPPATH/Views/directory/viewrestaurant.php on line 47.
 1 APPPATH/Views/directory/viewrestaurant.php(47): CodeIgniter\Debug\Exceptions->errorHandler()
 2 SYSTEMPATH/View/View.php(213): include('APPPATH/Views/directory/viewrestaurant.php')
 3 SYSTEMPATH/View/View.php(216): CodeIgniter\View\View->CodeIgniter\View\{closure}()
 4 SYSTEMPATH/Common.php(1135): CodeIgniter\View\View->render()
 5 APPPATH/Controllers/Directory.php(20): view()
 6 SYSTEMPATH/CodeIgniter.php(925): App\Controllers\Directory->viewrestaurant()
 7 SYSTEMPATH/CodeIgniter.php(480): CodeIgniter\CodeIgniter->runController()
 8 SYSTEMPATH/CodeIgniter.php(349): CodeIgniter\CodeIgniter->handleRequest()
 9 FCPATH/index.php(67): CodeIgniter\CodeIgniter->run()
CRITICAL - 2023-01-07 00:36:05 --> Call to undefined method CodeIgniter\HTTP\URI::get()
in APPPATH/Controllers/Directory.php on line 20.
 1 SYSTEMPATH/CodeIgniter.php(925): App\Controllers\Directory->viewrestaurant()
 2 SYSTEMPATH/CodeIgniter.php(480): CodeIgniter\CodeIgniter->runController()
 3 SYSTEMPATH/CodeIgniter.php(349): CodeIgniter\CodeIgniter->handleRequest()
 4 FCPATH/index.php(67): CodeIgniter\CodeIgniter->run()
CRITICAL - 2023-01-07 00:36:13 --> Call to undefined method CodeIgniter\HTTP\URI::get()
in APPPATH/Controllers/Directory.php on line 20.
 1 SYSTEMPATH/CodeIgniter.php(925): App\Controllers\Directory->viewrestaurant()
 2 SYSTEMPATH/CodeIgniter.php(480): CodeIgniter\CodeIgniter->runController()
 3 SYSTEMPATH/CodeIgniter.php(349): CodeIgniter\CodeIgniter->handleRequest()
 4 FCPATH/index.php(67): CodeIgniter\CodeIgniter->run()
CRITICAL - 2023-01-07 00:37:28 --> Undefined property: App\Controllers\Directory::$uri
in APPPATH/Controllers/Directory.php on line 20.
 1 APPPATH/Controllers/Directory.php(20): CodeIgniter\Debug\Exceptions->errorHandler()
 2 SYSTEMPATH/CodeIgniter.php(925): App\Controllers\Directory->viewrestaurant()
 3 SYSTEMPATH/CodeIgniter.php(480): CodeIgniter\CodeIgniter->runController()
 4 SYSTEMPATH/CodeIgniter.php(349): CodeIgniter\CodeIgniter->handleRequest()
 5 FCPATH/index.php(67): CodeIgniter\CodeIgniter->run()
CRITICAL - 2023-01-07 00:38:02 --> Undefined property: App\Controllers\Directory::$uri
in APPPATH/Controllers/Directory.php on line 20.
 1 APPPATH/Controllers/Directory.php(20): CodeIgniter\Debug\Exceptions->errorHandler()
 2 SYSTEMPATH/CodeIgniter.php(925): App\Controllers\Directory->viewrestaurant()
 3 SYSTEMPATH/CodeIgniter.php(480): CodeIgniter\CodeIgniter->runController()
 4 SYSTEMPATH/CodeIgniter.php(349): CodeIgniter\CodeIgniter->handleRequest()
 5 FCPATH/index.php(67): CodeIgniter\CodeIgniter->run()
CRITICAL - 2023-01-07 00:38:44 --> Attempt to read property "RestarauntName" on null
in APPPATH/Views/directory/viewrestaurant.php on line 47.
 1 APPPATH/Views/directory/viewrestaurant.php(47): CodeIgniter\Debug\Exceptions->errorHandler()
 2 SYSTEMPATH/View/View.php(213): include('APPPATH/Views/directory/viewrestaurant.php')
 3 SYSTEMPATH/View/View.php(216): CodeIgniter\View\View->CodeIgniter\View\{closure}()
 4 SYSTEMPATH/Common.php(1135): CodeIgniter\View\View->render()
 5 APPPATH/Controllers/Directory.php(21): view()
 6 SYSTEMPATH/CodeIgniter.php(925): App\Controllers\Directory->viewrestaurant()
 7 SYSTEMPATH/CodeIgniter.php(480): CodeIgniter\CodeIgniter->runController()
 8 SYSTEMPATH/CodeIgniter.php(349): CodeIgniter\CodeIgniter->handleRequest()
 9 FCPATH/index.php(67): CodeIgniter\CodeIgniter->run()
CRITICAL - 2023-01-07 00:39:12 --> Undefined property: CodeIgniter\HTTP\IncomingRequest::$get
in APPPATH/Controllers/Directory.php on line 20.
 1 APPPATH/Controllers/Directory.php(20): CodeIgniter\Debug\Exceptions->errorHandler()
 2 SYSTEMPATH/CodeIgniter.php(925): App\Controllers\Directory->viewrestaurant()
 3 SYSTEMPATH/CodeIgniter.php(480): CodeIgniter\CodeIgniter->runController()
 4 SYSTEMPATH/CodeIgniter.php(349): CodeIgniter\CodeIgniter->handleRequest()
 5 FCPATH/index.php(67): CodeIgniter\CodeIgniter->run()
ERROR - 2023-01-07 00:39:46 --> mysqli_sql_exception: Illegal parameter data types int and row for operation '=' in /home/sandboxi/public_html/Main-Site/system/Database/MySQLi/Connection.php:292
Stack trace:
#0 /home/sandboxi/public_html/Main-Site/system/Database/MySQLi/Connection.php(292): mysqli->query()
#1 /home/sandboxi/public_html/Main-Site/system/Database/BaseConnection.php(666): CodeIgniter\Database\MySQLi\Connection->execute()
#2 /home/sandboxi/public_html/Main-Site/system/Database/BaseConnection.php(593): CodeIgniter\Database\BaseConnection->simpleQuery()
#3 /home/sandboxi/public_html/Main-Site/system/Database/BaseBuilder.php(1585): CodeIgniter\Database\BaseConnection->query()
#4 /home/sandboxi/public_html/Main-Site/app/Views/directory/viewrestaurant.php(20): CodeIgniter\Database\BaseBuilder->get()
#5 /home/sandboxi/public_html/Main-Site/system/View/View.php(213): include('/home/sandboxi/...')
#6 /home/sandboxi/public_html/Main-Site/system/View/View.php(216): CodeIgniter\View\View->CodeIgniter\View\{closure}()
#7 /home/sandboxi/public_html/Main-Site/system/Common.php(1135): CodeIgniter\View\View->render()
#8 /home/sandboxi/public_html/Main-Site/app/Controllers/Directory.php(21): view()
#9 /home/sandboxi/public_html/Main-Site/system/CodeIgniter.php(925): App\Controllers\Directory->viewrestaurant()
#10 /home/sandboxi/public_html/Main-Site/system/CodeIgniter.php(480): CodeIgniter\CodeIgniter->runController()
#11 /home/sandboxi/public_html/Main-Site/system/CodeIgniter.php(349): CodeIgniter\CodeIgniter->handleRequest()
#12 /home/sandboxi/public_html/Main-Site/public/index.php(67): CodeIgniter\CodeIgniter->run()
#13 {main}
CRITICAL - 2023-01-07 00:39:46 --> Illegal parameter data types int and row for operation '='
in SYSTEMPATH/Database/MySQLi/Connection.php on line 292.
 1 SYSTEMPATH/Database/MySQLi/Connection.php(292): mysqli->query()
 2 SYSTEMPATH/Database/BaseConnection.php(666): CodeIgniter\Database\MySQLi\Connection->execute()
 3 SYSTEMPATH/Database/BaseConnection.php(593): CodeIgniter\Database\BaseConnection->simpleQuery()
 4 SYSTEMPATH/Database/BaseBuilder.php(1585): CodeIgniter\Database\BaseConnection->query()
 5 APPPATH/Views/directory/viewrestaurant.php(20): CodeIgniter\Database\BaseBuilder->get()
 6 SYSTEMPATH/View/View.php(213): include('APPPATH/Views/directory/viewrestaurant.php')
 7 SYSTEMPATH/View/View.php(216): CodeIgniter\View\View->CodeIgniter\View\{closure}()
 8 SYSTEMPATH/Common.php(1135): CodeIgniter\View\View->render()
 9 APPPATH/Controllers/Directory.php(21): view()
10 SYSTEMPATH/CodeIgniter.php(925): App\Controllers\Directory->viewrestaurant()
11 SYSTEMPATH/CodeIgniter.php(480): CodeIgniter\CodeIgniter->runController()
12 SYSTEMPATH/CodeIgniter.php(349): CodeIgniter\CodeIgniter->handleRequest()
13 FCPATH/index.php(67): CodeIgniter\CodeIgniter->run()
ERROR - 2023-01-07 00:40:04 --> mysqli_sql_exception: Illegal parameter data types int and row for operation '=' in /home/sandboxi/public_html/Main-Site/system/Database/MySQLi/Connection.php:292
Stack trace:
#0 /home/sandboxi/public_html/Main-Site/system/Database/MySQLi/Connection.php(292): mysqli->query()
#1 /home/sandboxi/public_html/Main-Site/system/Database/BaseConnection.php(666): CodeIgniter\Database\MySQLi\Connection->execute()
#2 /home/sandboxi/public_html/Main-Site/system/Database/BaseConnection.php(593): CodeIgniter\Database\BaseConnection->simpleQuery()
#3 /home/sandboxi/public_html/Main-Site/system/Database/BaseBuilder.php(1585): CodeIgniter\Database\BaseConnection->query()
#4 /home/sandboxi/public_html/Main-Site/app/Views/directory/viewrestaurant.php(20): CodeIgniter\Database\BaseBuilder->get()
#5 /home/sandboxi/public_html/Main-Site/system/View/View.php(213): include('/home/sandboxi/...')
#6 /home/sandboxi/public_html/Main-Site/system/View/View.php(216): CodeIgniter\View\View->CodeIgniter\View\{closure}()
#7 /home/sandboxi/public_html/Main-Site/system/Common.php(1135): CodeIgniter\View\View->render()
#8 /home/sandboxi/public_html/Main-Site/app/Controllers/Directory.php(21): view()
#9 /home/sandboxi/public_html/Main-Site/system/CodeIgniter.php(925): App\Controllers\Directory->viewrestaurant()
#10 /home/sandboxi/public_html/Main-Site/system/CodeIgniter.php(480): CodeIgniter\CodeIgniter->runController()
#11 /home/sandboxi/public_html/Main-Site/system/CodeIgniter.php(349): CodeIgniter\CodeIgniter->handleRequest()
#12 /home/sandboxi/public_html/Main-Site/public/index.php(67): CodeIgniter\CodeIgniter->run()
#13 {main}
CRITICAL - 2023-01-07 00:40:04 --> Illegal parameter data types int and row for operation '='
in SYSTEMPATH/Database/MySQLi/Connection.php on line 292.
 1 SYSTEMPATH/Database/MySQLi/Connection.php(292): mysqli->query()
 2 SYSTEMPATH/Database/BaseConnection.php(666): CodeIgniter\Database\MySQLi\Connection->execute()
 3 SYSTEMPATH/Database/BaseConnection.php(593): CodeIgniter\Database\BaseConnection->simpleQuery()
 4 SYSTEMPATH/Database/BaseBuilder.php(1585): CodeIgniter\Database\BaseConnection->query()
 5 APPPATH/Views/directory/viewrestaurant.php(20): CodeIgniter\Database\BaseBuilder->get()
 6 SYSTEMPATH/View/View.php(213): include('APPPATH/Views/directory/viewrestaurant.php')
 7 SYSTEMPATH/View/View.php(216): CodeIgniter\View\View->CodeIgniter\View\{closure}()
 8 SYSTEMPATH/Common.php(1135): CodeIgniter\View\View->render()
 9 APPPATH/Controllers/Directory.php(21): view()
10 SYSTEMPATH/CodeIgniter.php(925): App\Controllers\Directory->viewrestaurant()
11 SYSTEMPATH/CodeIgniter.php(480): CodeIgniter\CodeIgniter->runController()
12 SYSTEMPATH/CodeIgniter.php(349): CodeIgniter\CodeIgniter->handleRequest()
13 FCPATH/index.php(67): CodeIgniter\CodeIgniter->run()
CRITICAL - 2023-01-07 00:40:39 --> Call to undefined method CodeIgniter\Database\MySQLi\Builder::getRow()
in APPPATH/Views/directory/viewrestaurant.php on line 20.
 1 SYSTEMPATH/View/View.php(213): include()
 2 SYSTEMPATH/View/View.php(216): CodeIgniter\View\View->CodeIgniter\View\{closure}()
 3 SYSTEMPATH/Common.php(1135): CodeIgniter\View\View->render()
 4 APPPATH/Controllers/Directory.php(21): view()
 5 SYSTEMPATH/CodeIgniter.php(925): App\Controllers\Directory->viewrestaurant()
 6 SYSTEMPATH/CodeIgniter.php(480): CodeIgniter\CodeIgniter->runController()
 7 SYSTEMPATH/CodeIgniter.php(349): CodeIgniter\CodeIgniter->handleRequest()
 8 FCPATH/index.php(67): CodeIgniter\CodeIgniter->run()
CRITICAL - 2023-01-07 00:40:43 --> Call to undefined method CodeIgniter\Database\MySQLi\Builder::getRow()
in APPPATH/Views/directory/viewrestaurant.php on line 20.
 1 SYSTEMPATH/View/View.php(213): include()
 2 SYSTEMPATH/View/View.php(216): CodeIgniter\View\View->CodeIgniter\View\{closure}()
 3 SYSTEMPATH/Common.php(1135): CodeIgniter\View\View->render()
 4 APPPATH/Controllers/Directory.php(21): view()
 5 SYSTEMPATH/CodeIgniter.php(925): App\Controllers\Directory->viewrestaurant()
 6 SYSTEMPATH/CodeIgniter.php(480): CodeIgniter\CodeIgniter->runController()
 7 SYSTEMPATH/CodeIgniter.php(349): CodeIgniter\CodeIgniter->handleRequest()
 8 FCPATH/index.php(67): CodeIgniter\CodeIgniter->run()
CRITICAL - 2023-01-07 00:40:44 --> Call to undefined method CodeIgniter\Database\MySQLi\Builder::getRow()
in APPPATH/Views/directory/viewrestaurant.php on line 20.
 1 SYSTEMPATH/View/View.php(213): include()
 2 SYSTEMPATH/View/View.php(216): CodeIgniter\View\View->CodeIgniter\View\{closure}()
 3 SYSTEMPATH/Common.php(1135): CodeIgniter\View\View->render()
 4 APPPATH/Controllers/Directory.php(21): view()
 5 SYSTEMPATH/CodeIgniter.php(925): App\Controllers\Directory->viewrestaurant()
 6 SYSTEMPATH/CodeIgniter.php(480): CodeIgniter\CodeIgniter->runController()
 7 SYSTEMPATH/CodeIgniter.php(349): CodeIgniter\CodeIgniter->handleRequest()
 8 FCPATH/index.php(67): CodeIgniter\CodeIgniter->run()
CRITICAL - 2023-01-07 00:40:45 --> Call to undefined method CodeIgniter\Database\MySQLi\Builder::getRow()
in APPPATH/Views/directory/viewrestaurant.php on line 20.
 1 SYSTEMPATH/View/View.php(213): include()
 2 SYSTEMPATH/View/View.php(216): CodeIgniter\View\View->CodeIgniter\View\{closure}()
 3 SYSTEMPATH/Common.php(1135): CodeIgniter\View\View->render()
 4 APPPATH/Controllers/Directory.php(21): view()
 5 SYSTEMPATH/CodeIgniter.php(925): App\Controllers\Directory->viewrestaurant()
 6 SYSTEMPATH/CodeIgniter.php(480): CodeIgniter\CodeIgniter->runController()
 7 SYSTEMPATH/CodeIgniter.php(349): CodeIgniter\CodeIgniter->handleRequest()
 8 FCPATH/index.php(67): CodeIgniter\CodeIgniter->run()
ERROR - 2023-01-07 00:40:48 --> mysqli_sql_exception: Illegal parameter data types int and row for operation '=' in /home/sandboxi/public_html/Main-Site/system/Database/MySQLi/Connection.php:292
Stack trace:
#0 /home/sandboxi/public_html/Main-Site/system/Database/MySQLi/Connection.php(292): mysqli->query()
#1 /home/sandboxi/public_html/Main-Site/system/Database/BaseConnection.php(666): CodeIgniter\Database\MySQLi\Connection->execute()
#2 /home/sandboxi/public_html/Main-Site/system/Database/BaseConnection.php(593): CodeIgniter\Database\BaseConnection->simpleQuery()
#3 /home/sandboxi/public_html/Main-Site/system/Database/BaseBuilder.php(1585): CodeIgniter\Database\BaseConnection->query()
#4 /home/sandboxi/public_html/Main-Site/app/Views/directory/viewrestaurant.php(20): CodeIgniter\Database\BaseBuilder->get()
#5 /home/sandboxi/public_html/Main-Site/system/View/View.php(213): include('/home/sandboxi/...')
#6 /home/sandboxi/public_html/Main-Site/system/View/View.php(216): CodeIgniter\View\View->CodeIgniter\View\{closure}()
#7 /home/sandboxi/public_html/Main-Site/system/Common.php(1135): CodeIgniter\View\View->render()
#8 /home/sandboxi/public_html/Main-Site/app/Controllers/Directory.php(21): view()
#9 /home/sandboxi/public_html/Main-Site/system/CodeIgniter.php(925): App\Controllers\Directory->viewrestaurant()
#10 /home/sandboxi/public_html/Main-Site/system/CodeIgniter.php(480): CodeIgniter\CodeIgniter->runController()
#11 /home/sandboxi/public_html/Main-Site/system/CodeIgniter.php(349): CodeIgniter\CodeIgniter->handleRequest()
#12 /home/sandboxi/public_html/Main-Site/public/index.php(67): CodeIgniter\CodeIgniter->run()
#13 {main}
CRITICAL - 2023-01-07 00:40:48 --> Illegal parameter data types int and row for operation '='
in SYSTEMPATH/Database/MySQLi/Connection.php on line 292.
 1 SYSTEMPATH/Database/MySQLi/Connection.php(292): mysqli->query()
 2 SYSTEMPATH/Database/BaseConnection.php(666): CodeIgniter\Database\MySQLi\Connection->execute()
 3 SYSTEMPATH/Database/BaseConnection.php(593): CodeIgniter\Database\BaseConnection->simpleQuery()
 4 SYSTEMPATH/Database/BaseBuilder.php(1585): CodeIgniter\Database\BaseConnection->query()
 5 APPPATH/Views/directory/viewrestaurant.php(20): CodeIgniter\Database\BaseBuilder->get()
 6 SYSTEMPATH/View/View.php(213): include('APPPATH/Views/directory/viewrestaurant.php')
 7 SYSTEMPATH/View/View.php(216): CodeIgniter\View\View->CodeIgniter\View\{closure}()
 8 SYSTEMPATH/Common.php(1135): CodeIgniter\View\View->render()
 9 APPPATH/Controllers/Directory.php(21): view()
10 SYSTEMPATH/CodeIgniter.php(925): App\Controllers\Directory->viewrestaurant()
11 SYSTEMPATH/CodeIgniter.php(480): CodeIgniter\CodeIgniter->runController()
12 SYSTEMPATH/CodeIgniter.php(349): CodeIgniter\CodeIgniter->handleRequest()
13 FCPATH/index.php(67): CodeIgniter\CodeIgniter->run()
CRITICAL - 2023-01-07 00:42:04 --> Call to undefined method CodeIgniter\Database\MySQLi\Builder::getRow()
in APPPATH/Views/directory/viewrestaurant.php on line 21.
 1 SYSTEMPATH/View/View.php(213): include()
 2 SYSTEMPATH/View/View.php(216): CodeIgniter\View\View->CodeIgniter\View\{closure}()
 3 SYSTEMPATH/Common.php(1135): CodeIgniter\View\View->render()
 4 APPPATH/Controllers/Directory.php(23): view()
 5 SYSTEMPATH/CodeIgniter.php(925): App\Controllers\Directory->viewrestaurant()
 6 SYSTEMPATH/CodeIgniter.php(480): CodeIgniter\CodeIgniter->runController()
 7 SYSTEMPATH/CodeIgniter.php(349): CodeIgniter\CodeIgniter->handleRequest()
 8 FCPATH/index.php(67): CodeIgniter\CodeIgniter->run()
ERROR - 2023-01-07 00:42:37 --> mysqli_sql_exception: Illegal parameter data types int and row for operation '=' in /home/sandboxi/public_html/Main-Site/system/Database/MySQLi/Connection.php:292
Stack trace:
#0 /home/sandboxi/public_html/Main-Site/system/Database/MySQLi/Connection.php(292): mysqli->query()
#1 /home/sandboxi/public_html/Main-Site/system/Database/BaseConnection.php(666): CodeIgniter\Database\MySQLi\Connection->execute()
#2 /home/sandboxi/public_html/Main-Site/system/Database/BaseConnection.php(593): CodeIgniter\Database\BaseConnection->simpleQuery()
#3 /home/sandboxi/public_html/Main-Site/system/Database/BaseBuilder.php(1585): CodeIgniter\Database\BaseConnection->query()
#4 /home/sandboxi/public_html/Main-Site/app/Views/directory/viewrestaurant.php(20): CodeIgniter\Database\BaseBuilder->get()
#5 /home/sandboxi/public_html/Main-Site/system/View/View.php(213): include('/home/sandboxi/...')
#6 /home/sandboxi/public_html/Main-Site/system/View/View.php(216): CodeIgniter\View\View->CodeIgniter\View\{closure}()
#7 /home/sandboxi/public_html/Main-Site/system/Common.php(1135): CodeIgniter\View\View->render()
#8 /home/sandboxi/public_html/Main-Site/app/Controllers/Directory.php(23): view()
#9 /home/sandboxi/public_html/Main-Site/system/CodeIgniter.php(925): App\Controllers\Directory->viewrestaurant()
#10 /home/sandboxi/public_html/Main-Site/system/CodeIgniter.php(480): CodeIgniter\CodeIgniter->runController()
#11 /home/sandboxi/public_html/Main-Site/system/CodeIgniter.php(349): CodeIgniter\CodeIgniter->handleRequest()
#12 /home/sandboxi/public_html/Main-Site/public/index.php(67): CodeIgniter\CodeIgniter->run()
#13 {main}
CRITICAL - 2023-01-07 00:42:37 --> Illegal parameter data types int and row for operation '='
in SYSTEMPATH/Database/MySQLi/Connection.php on line 292.
 1 SYSTEMPATH/Database/MySQLi/Connection.php(292): mysqli->query()
 2 SYSTEMPATH/Database/BaseConnection.php(666): CodeIgniter\Database\MySQLi\Connection->execute()
 3 SYSTEMPATH/Database/BaseConnection.php(593): CodeIgniter\Database\BaseConnection->simpleQuery()
 4 SYSTEMPATH/Database/BaseBuilder.php(1585): CodeIgniter\Database\BaseConnection->query()
 5 APPPATH/Views/directory/viewrestaurant.php(20): CodeIgniter\Database\BaseBuilder->get()
 6 SYSTEMPATH/View/View.php(213): include('APPPATH/Views/directory/viewrestaurant.php')
 7 SYSTEMPATH/View/View.php(216): CodeIgniter\View\View->CodeIgniter\View\{closure}()
 8 SYSTEMPATH/Common.php(1135): CodeIgniter\View\View->render()
 9 APPPATH/Controllers/Directory.php(23): view()
10 SYSTEMPATH/CodeIgniter.php(925): App\Controllers\Directory->viewrestaurant()
11 SYSTEMPATH/CodeIgniter.php(480): CodeIgniter\CodeIgniter->runController()
12 SYSTEMPATH/CodeIgniter.php(349): CodeIgniter\CodeIgniter->handleRequest()
13 FCPATH/index.php(67): CodeIgniter\CodeIgniter->run()
CRITICAL - 2023-01-07 00:48:11 --> urldecode(): Passing null to parameter #1 ($string) of type string is deprecated
in APPPATH/Views/directory/index.php on line 56.
 1 [internal function]: CodeIgniter\Debug\Exceptions->errorHandler()
 2 APPPATH/Views/directory/index.php(56): urldecode()
 3 SYSTEMPATH/View/View.php(213): include('APPPATH/Views/directory/index.php')
 4 SYSTEMPATH/View/View.php(216): CodeIgniter\View\View->CodeIgniter\View\{closure}()
 5 SYSTEMPATH/Common.php(1135): CodeIgniter\View\View->render()
 6 APPPATH/Controllers/Directory.php(15): view()
 7 SYSTEMPATH/CodeIgniter.php(925): App\Controllers\Directory->index()
 8 SYSTEMPATH/CodeIgniter.php(480): CodeIgniter\CodeIgniter->runController()
 9 SYSTEMPATH/CodeIgniter.php(349): CodeIgniter\CodeIgniter->handleRequest()
10 FCPATH/index.php(67): CodeIgniter\CodeIgniter->run()
CRITICAL - 2023-01-07 00:48:33 --> urldecode(): Passing null to parameter #1 ($string) of type string is deprecated
in APPPATH/Views/directory/index.php on line 56.
 1 [internal function]: CodeIgniter\Debug\Exceptions->errorHandler()
 2 APPPATH/Views/directory/index.php(56): urldecode()
 3 SYSTEMPATH/View/View.php(213): include('APPPATH/Views/directory/index.php')
 4 SYSTEMPATH/View/View.php(216): CodeIgniter\View\View->CodeIgniter\View\{closure}()
 5 SYSTEMPATH/Common.php(1135): CodeIgniter\View\View->render()
 6 APPPATH/Controllers/Directory.php(15): view()
 7 SYSTEMPATH/CodeIgniter.php(925): App\Controllers\Directory->index()
 8 SYSTEMPATH/CodeIgniter.php(480): CodeIgniter\CodeIgniter->runController()
 9 SYSTEMPATH/CodeIgniter.php(349): CodeIgniter\CodeIgniter->handleRequest()
10 FCPATH/index.php(67): CodeIgniter\CodeIgniter->run()
CRITICAL - 2023-01-07 00:48:56 --> urldecode(): Passing null to parameter #1 ($string) of type string is deprecated
in APPPATH/Views/directory/index.php on line 60.
 1 [internal function]: CodeIgniter\Debug\Exceptions->errorHandler()
 2 APPPATH/Views/directory/index.php(60): urldecode()
 3 SYSTEMPATH/View/View.php(213): include('APPPATH/Views/directory/index.php')
 4 SYSTEMPATH/View/View.php(216): CodeIgniter\View\View->CodeIgniter\View\{closure}()
 5 SYSTEMPATH/Common.php(1135): CodeIgniter\View\View->render()
 6 APPPATH/Controllers/Directory.php(15): view()
 7 SYSTEMPATH/CodeIgniter.php(925): App\Controllers\Directory->index()
 8 SYSTEMPATH/CodeIgniter.php(480): CodeIgniter\CodeIgniter->runController()
 9 SYSTEMPATH/CodeIgniter.php(349): CodeIgniter\CodeIgniter->handleRequest()
10 FCPATH/index.php(67): CodeIgniter\CodeIgniter->run()
