ERROR - 2023-02-05 20:06:45 --> mysqli_sql_exception: Table 'checkthe_igni598.a3restaraunts' doesn't exist in /home/checkthe/public_html/system/Database/MySQLi/Connection.php:292
Stack trace:
#0 /home/checkthe/public_html/system/Database/MySQLi/Connection.php(292): mysqli->query()
#1 /home/checkthe/public_html/system/Database/BaseConnection.php(666): CodeIgniter\Database\MySQLi\Connection->execute()
#2 /home/checkthe/public_html/system/Database/BaseConnection.php(593): CodeIgniter\Database\BaseConnection->simpleQuery()
#3 /home/checkthe/public_html/system/Database/BaseBuilder.php(1585): CodeIgniter\Database\BaseConnection->query()
#4 /home/checkthe/public_html/app/Views/directory/index.php(25): CodeIgniter\Database\BaseBuilder->get()
#5 /home/checkthe/public_html/system/View/View.php(213): include('/home/checkthe/...')
#6 /home/checkthe/public_html/system/View/View.php(216): CodeIgniter\View\View->CodeIgniter\View\{closure}()
#7 /home/checkthe/public_html/system/Common.php(1135): CodeIgniter\View\View->render()
#8 /home/checkthe/public_html/app/Controllers/Directory.php(15): view()
#9 /home/checkthe/public_html/system/CodeIgniter.php(925): App\Controllers\Directory->index()
#10 /home/checkthe/public_html/system/CodeIgniter.php(480): CodeIgniter\CodeIgniter->runController()
#11 /home/checkthe/public_html/system/CodeIgniter.php(349): CodeIgniter\CodeIgniter->handleRequest()
#12 /home/checkthe/public_html/public/index.php(67): CodeIgniter\CodeIgniter->run()
#13 {main}
CRITICAL - 2023-02-05 20:06:45 --> Call to a member function getResult() on bool
in APPPATH/Views/directory/index.php on line 26.
 1 SYSTEMPATH/View/View.php(213): include()
 2 SYSTEMPATH/View/View.php(216): CodeIgniter\View\View->CodeIgniter\View\{closure}()
 3 SYSTEMPATH/Common.php(1135): CodeIgniter\View\View->render()
 4 APPPATH/Controllers/Directory.php(15): view()
 5 SYSTEMPATH/CodeIgniter.php(925): App\Controllers\Directory->index()
 6 SYSTEMPATH/CodeIgniter.php(480): CodeIgniter\CodeIgniter->runController()
 7 SYSTEMPATH/CodeIgniter.php(349): CodeIgniter\CodeIgniter->handleRequest()
 8 FCPATH/index.php(67): CodeIgniter\CodeIgniter->run()
ERROR - 2023-02-05 20:17:42 --> mysqli_sql_exception: Table 'checkthe_igni598.a3restaraunts' doesn't exist in /home/checkthe/public_html/system/Database/MySQLi/Connection.php:292
Stack trace:
#0 /home/checkthe/public_html/system/Database/MySQLi/Connection.php(292): mysqli->query()
#1 /home/checkthe/public_html/system/Database/BaseConnection.php(666): CodeIgniter\Database\MySQLi\Connection->execute()
#2 /home/checkthe/public_html/system/Database/BaseConnection.php(593): CodeIgniter\Database\BaseConnection->simpleQuery()
#3 /home/checkthe/public_html/system/Database/BaseBuilder.php(1585): CodeIgniter\Database\BaseConnection->query()
#4 /home/checkthe/public_html/app/Views/directory/index.php(25): CodeIgniter\Database\BaseBuilder->get()
#5 /home/checkthe/public_html/system/View/View.php(213): include('/home/checkthe/...')
#6 /home/checkthe/public_html/system/View/View.php(216): CodeIgniter\View\View->CodeIgniter\View\{closure}()
#7 /home/checkthe/public_html/system/Common.php(1135): CodeIgniter\View\View->render()
#8 /home/checkthe/public_html/app/Controllers/Directory.php(15): view()
#9 /home/checkthe/public_html/system/CodeIgniter.php(925): App\Controllers\Directory->index()
#10 /home/checkthe/public_html/system/CodeIgniter.php(480): CodeIgniter\CodeIgniter->runController()
#11 /home/checkthe/public_html/system/CodeIgniter.php(349): CodeIgniter\CodeIgniter->handleRequest()
#12 /home/checkthe/public_html/public/index.php(67): CodeIgniter\CodeIgniter->run()
#13 {main}
CRITICAL - 2023-02-05 20:17:42 --> Call to a member function getResult() on bool
in APPPATH/Views/directory/index.php on line 26.
 1 SYSTEMPATH/View/View.php(213): include()
 2 SYSTEMPATH/View/View.php(216): CodeIgniter\View\View->CodeIgniter\View\{closure}()
 3 SYSTEMPATH/Common.php(1135): CodeIgniter\View\View->render()
 4 APPPATH/Controllers/Directory.php(15): view()
 5 SYSTEMPATH/CodeIgniter.php(925): App\Controllers\Directory->index()
 6 SYSTEMPATH/CodeIgniter.php(480): CodeIgniter\CodeIgniter->runController()
 7 SYSTEMPATH/CodeIgniter.php(349): CodeIgniter\CodeIgniter->handleRequest()
 8 FCPATH/index.php(67): CodeIgniter\CodeIgniter->run()
ERROR - 2023-02-05 20:23:10 --> mysqli_sql_exception: Table 'checkthe_igni598.a3restaraunts' doesn't exist in /home/checkthe/public_html/system/Database/MySQLi/Connection.php:292
Stack trace:
#0 /home/checkthe/public_html/system/Database/MySQLi/Connection.php(292): mysqli->query()
#1 /home/checkthe/public_html/system/Database/BaseConnection.php(666): CodeIgniter\Database\MySQLi\Connection->execute()
#2 /home/checkthe/public_html/system/Database/BaseConnection.php(593): CodeIgniter\Database\BaseConnection->simpleQuery()
#3 /home/checkthe/public_html/system/Database/BaseBuilder.php(1585): CodeIgniter\Database\BaseConnection->query()
#4 /home/checkthe/public_html/app/Views/directory/index.php(25): CodeIgniter\Database\BaseBuilder->get()
#5 /home/checkthe/public_html/system/View/View.php(213): include('/home/checkthe/...')
#6 /home/checkthe/public_html/system/View/View.php(216): CodeIgniter\View\View->CodeIgniter\View\{closure}()
#7 /home/checkthe/public_html/system/Common.php(1135): CodeIgniter\View\View->render()
#8 /home/checkthe/public_html/app/Controllers/Directory.php(15): view()
#9 /home/checkthe/public_html/system/CodeIgniter.php(925): App\Controllers\Directory->index()
#10 /home/checkthe/public_html/system/CodeIgniter.php(480): CodeIgniter\CodeIgniter->runController()
#11 /home/checkthe/public_html/system/CodeIgniter.php(349): CodeIgniter\CodeIgniter->handleRequest()
#12 /home/checkthe/public_html/public/index.php(67): CodeIgniter\CodeIgniter->run()
#13 {main}
CRITICAL - 2023-02-05 20:23:10 --> Call to a member function getResult() on bool
in APPPATH/Views/directory/index.php on line 26.
 1 SYSTEMPATH/View/View.php(213): include()
 2 SYSTEMPATH/View/View.php(216): CodeIgniter\View\View->CodeIgniter\View\{closure}()
 3 SYSTEMPATH/Common.php(1135): CodeIgniter\View\View->render()
 4 APPPATH/Controllers/Directory.php(15): view()
 5 SYSTEMPATH/CodeIgniter.php(925): App\Controllers\Directory->index()
 6 SYSTEMPATH/CodeIgniter.php(480): CodeIgniter\CodeIgniter->runController()
 7 SYSTEMPATH/CodeIgniter.php(349): CodeIgniter\CodeIgniter->handleRequest()
 8 FCPATH/index.php(67): CodeIgniter\CodeIgniter->run()
